<?xml version="1.0" encoding="UTF-8"?>
<testng-results skipped="0" failed="0" total="0" passed="0">
  <reporter-output>
  </reporter-output>
  <suite name="org.DriverFactory.AppTest" duration-ms="3" started-at="2016-08-20T04:01:18Z" finished-at="2016-08-20T04:01:18Z">
    <groups>
    </groups>
    <test name="Command line test" duration-ms="3" started-at="2016-08-20T04:01:18Z" finished-at="2016-08-20T04:01:18Z">
    </test> <!-- Command line test -->
  </suite> <!-- org.DriverFactory.AppTest -->
</testng-results>
